--------------------
./configure
2012年 11月 27日 火曜日 16:39:17 JST

=== ztest17435.c ===
extern int getchar();
int hello() {return getchar();}
===
/home/ukyo/emscripten/emcc -c ztest17435.c
... using /home/ukyo/emscripten/emcc

Checking for shared library support...
=== ztest17435.c ===
extern int getchar();
int hello() {return getchar();}
===
/home/ukyo/emscripten/emcc -w -c ztest17435.c
JAVA not defined in ~/.emscripten, using "java"
/home/ukyo/emscripten/emcc -o ztest17435.so ztest17435.o
JAVA not defined in ~/.emscripten, using "java"
clang: warning: argument unused during compilation: '-nostdinc'
clang: warning: argument unused during compilation: '-Xclang -nobuiltininc'
clang: warning: argument unused during compilation: '-Xclang -nostdsysteminc'
clang: warning: argument unused during compilation: '-Xclang -isystem/home/ukyo/emscripten/system/local/include'
clang: warning: argument unused during compilation: '-Xclang -isystem/home/ukyo/emscripten/system/include'
clang: warning: argument unused during compilation: '-Xclang -isystem/home/ukyo/emscripten/system/include/emscripten'
clang: warning: argument unused during compilation: '-Xclang -isystem/home/ukyo/emscripten/system/include/bsd'
clang: warning: argument unused during compilation: '-Xclang -isystem/home/ukyo/emscripten/system/include/libc'
clang: warning: argument unused during compilation: '-Xclang -isystem/home/ukyo/emscripten/system/include/libcxx'
clang: warning: argument unused during compilation: '-Xclang -isystem/home/ukyo/emscripten/system/lib/libcxxabi/include'
clang: warning: argument unused during compilation: '-Xclang -isystem/home/ukyo/emscripten/system/include/gfx'
clang: warning: argument unused during compilation: '-Xclang -isystem/home/ukyo/emscripten/system/include/net'
clang: warning: argument unused during compilation: '-Xclang -isystem/home/ukyo/emscripten/system/include/SDL'
/usr/lib/gcc/i686-linux-gnu/4.6/../../../i386-linux-gnu/crt1.o: In function `_start':
(.text+0x18): undefined reference to `main'
clang: error: linker command failed with exit code 1 (use -v to see invocation)
(exit code 1)
No shared library support; try without defining CC and CFLAGS
Building static library libz.a version 1.2.7 with /home/ukyo/emscripten/emcc.


=== ztest17435.c ===
#include <sys/types.h>
off64_t dummy = 0;
===
/home/ukyo/emscripten/emcc -c -D_LARGEFILE64_SOURCE=1 ztest17435.c
JAVA not defined in ~/.emscripten, using "java"
ztest17435.c:2:1: error: unknown type name 'off64_t'; did you mean '_off64_t'?
off64_t dummy = 0;
^~~~~~~
_off64_t
/home/ukyo/emscripten/system/include/libc/sys/_types.h:36:32: note: '_off64_t' declared here
__extension__ typedef unsigned _off64_t; /* XXX Emscripten */
                               ^
1 error generated.
(exit code 1)
Checking for off64_t... No.

=== ztest17435.c ===
#include <stdio.h>
int main(void) {
  fseeko(NULL, 0, 0);
  return 0;
}
===
/home/ukyo/emscripten/emcc -o ztest17435 ztest17435.c
JAVA not defined in ~/.emscripten, using "java"
Checking for fseeko... Yes.

=== ztest17435.c ===
#include <string.h>
#include <errno.h>
int main() { return strlen(strerror(errno)); }
===
/home/ukyo/emscripten/emcc -o ztest17435 ztest17435.c
JAVA not defined in ~/.emscripten, using "java"
/tmp/ztest17435-AJcNHZ.o: In function `main':
ztest17435.c:(.text+0xe): undefined reference to `__errno'
clang: error: linker command failed with exit code 1 (use -v to see invocation)
(exit code 1)
Checking for strerror... No.

=== ztest17435.c ===
#include <unistd.h>
int main() { return 0; }
===
/home/ukyo/emscripten/emcc -c -DNO_STRERROR ztest17435.c
JAVA not defined in ~/.emscripten, using "java"
Checking for unistd.h... Yes.

=== ztest17435.c ===
#include <stdarg.h>
int main() { return 0; }
===
/home/ukyo/emscripten/emcc -c -DNO_STRERROR ztest17435.c
JAVA not defined in ~/.emscripten, using "java"
Checking for stdarg.h... Yes.

=== ztest17435.c ===
#include <stdio.h>
#include <stdarg.h>
#include "zconf.h"
int main()
{
#ifndef STDC
  choke me
#endif
  return 0;
}
===
/home/ukyo/emscripten/emcc -c -DNO_STRERROR ztest17435.c
JAVA not defined in ~/.emscripten, using "java"
Checking whether to use vs[n]printf() or s[n]printf()... using vs[n]printf().

=== ztest17435.c ===
#include <stdio.h>
#include <stdarg.h>
int mytest(const char *fmt, ...)
{
  char buf[20];
  va_list ap;
  va_start(ap, fmt);
  vsnprintf(buf, sizeof(buf), fmt, ap);
  va_end(ap);
  return 0;
}
int main()
{
  return (mytest("Hello%d\n", 1));
}
===
/home/ukyo/emscripten/emcc -DNO_STRERROR -o ztest17435 ztest17435.c
JAVA not defined in ~/.emscripten, using "java"
Checking for vsnprintf() in stdio.h... Yes.

=== ztest17435.c ===
#include <stdio.h>
#include <stdarg.h>
int mytest(const char *fmt, ...)
{
  int n;
  char buf[20];
  va_list ap;
  va_start(ap, fmt);
  n = vsnprintf(buf, sizeof(buf), fmt, ap);
  va_end(ap);
  return n;
}
int main()
{
  return (mytest("Hello%d\n", 1));
}
===
/home/ukyo/emscripten/emcc -c -DNO_STRERROR ztest17435.c
JAVA not defined in ~/.emscripten, using "java"
Checking for return value of vsnprintf()... Yes.

=== ztest17435.c ===
#include <stdio.h>
#define is32(n,t) for(n=1,k=0;n;n<<=1,k++);if(k==32){puts(t);return 0;}
int main() {
    int k;
    unsigned i;
    unsigned long l;
    unsigned short s;
    is32(i, "unsigned")
    is32(l, "unsigned long")
    is32(s, "unsigned short")
    return 1;
}
===
/home/ukyo/emscripten/emcc -DNO_STRERROR ztest17435.c -o ztest17435
JAVA not defined in ~/.emscripten, using "java"
Looking for a four-byte integer type... Found.

ALL = static
AR = /home/ukyo/emscripten/emar
ARFLAGS = rc
CC = /home/ukyo/emscripten/emcc
CFLAGS = -DNO_STRERROR
CPP = /home/ukyo/emscripten/emcc -E
EXE =
LDCONFIG = ldconfig
LDFLAGS =
LDSHARED = /home/ukyo/emscripten/emcc
LDSHAREDLIBC = -lc
OBJC = $(OBJZ) $(OBJG)
PIC_OBJC = $(PIC_OBJZ) $(PIC_OBJG)
RANLIB = /home/ukyo/emscripten/emranlib
SFLAGS = -DNO_STRERROR
SHAREDLIB =
SHAREDLIBM =
SHAREDLIBV =
STATICLIB = libz.a
TEST = all teststatic
VER = 1.2.7
Z_U4 = unsigned
exec_prefix = ${prefix}
includedir = ${prefix}/include
libdir = ${exec_prefix}/lib
mandir = ${prefix}/share/man
prefix = /usr/local
sharedlibdir = ${libdir}
uname = Linux 3.2.0-32-generic-pae
--------------------


--------------------
./configure
2013年  3月 15日 金曜日 16:01:20 JST

=== ztest2690.c ===
extern int getchar();
int hello() {return getchar();}
===
/home/ukyo/emscripten/emcc -c ztest2690.c
... using /home/ukyo/emscripten/emcc

Checking for shared library support...
=== ztest2690.c ===
extern int getchar();
int hello() {return getchar();}
===
/home/ukyo/emscripten/emcc -w -c ztest2690.c
/home/ukyo/emscripten/emcc -o ztest2690.so ztest2690.o
clang: warning: argument unused during compilation: '-nostdinc'
clang: warning: argument unused during compilation: '-Xclang -nobuiltininc'
clang: warning: argument unused during compilation: '-Xclang -nostdsysteminc'
clang: warning: argument unused during compilation: '-Xclang -isystem/home/ukyo/emscripten/system/local/include'
clang: warning: argument unused during compilation: '-Xclang -isystem/home/ukyo/emscripten/system/include'
clang: warning: argument unused during compilation: '-Xclang -isystem/home/ukyo/emscripten/system/include/emscripten'
clang: warning: argument unused during compilation: '-Xclang -isystem/home/ukyo/emscripten/system/include/bsd'
clang: warning: argument unused during compilation: '-Xclang -isystem/home/ukyo/emscripten/system/include/libc'
clang: warning: argument unused during compilation: '-Xclang -isystem/home/ukyo/emscripten/system/include/libcxx'
clang: warning: argument unused during compilation: '-Xclang -isystem/home/ukyo/emscripten/system/lib/libcxxabi/include'
clang: warning: argument unused during compilation: '-Xclang -isystem/home/ukyo/emscripten/system/include/gfx'
clang: warning: argument unused during compilation: '-Xclang -isystem/home/ukyo/emscripten/system/include/net'
clang: warning: argument unused during compilation: '-Xclang -isystem/home/ukyo/emscripten/system/include/SDL'
/usr/lib/gcc/i686-linux-gnu/4.6/../../../i386-linux-gnu/crt1.o: In function `_start':
(.text+0x18): undefined reference to `main'
clang: error: linker command failed with exit code 1 (use -v to see invocation)
(exit code 1)
No shared library support; try without defining CC and CFLAGS
Building static library libz.a version 1.2.7 with /home/ukyo/emscripten/emcc.


=== ztest2690.c ===
#include <sys/types.h>
off64_t dummy = 0;
===
/home/ukyo/emscripten/emcc -c -D_LARGEFILE64_SOURCE=1 ztest2690.c
ztest2690.c:2:1: error: unknown type name 'off64_t'; did you mean '_off64_t'?
off64_t dummy = 0;
^~~~~~~
_off64_t
/home/ukyo/emscripten/system/include/libc/sys/_types.h:42:32: note: '_off64_t' declared here
__extension__ typedef unsigned _off64_t; /* XXX Emscripten */
                               ^
1 error generated.
(exit code 1)
Checking for off64_t... No.

=== ztest2690.c ===
#include <stdio.h>
int main(void) {
  fseeko(NULL, 0, 0);
  return 0;
}
===
/home/ukyo/emscripten/emcc -o ztest2690 ztest2690.c
Checking for fseeko... Yes.

=== ztest2690.c ===
#include <string.h>
#include <errno.h>
int main() { return strlen(strerror(errno)); }
===
/home/ukyo/emscripten/emcc -o ztest2690 ztest2690.c
/tmp/ztest2690-GERMwC.o: In function `main':
ztest2690.c:(.text+0xe): undefined reference to `__errno'
clang: error: linker command failed with exit code 1 (use -v to see invocation)
(exit code 1)
Checking for strerror... No.

=== ztest2690.c ===
#include <unistd.h>
int main() { return 0; }
===
/home/ukyo/emscripten/emcc -c -DNO_STRERROR ztest2690.c
Checking for unistd.h... Yes.

=== ztest2690.c ===
#include <stdarg.h>
int main() { return 0; }
===
/home/ukyo/emscripten/emcc -c -DNO_STRERROR ztest2690.c
Checking for stdarg.h... Yes.

=== ztest2690.c ===
#include <stdio.h>
#include <stdarg.h>
#include "zconf.h"
int main()
{
#ifndef STDC
  choke me
#endif
  return 0;
}
===
/home/ukyo/emscripten/emcc -c -DNO_STRERROR ztest2690.c
Checking whether to use vs[n]printf() or s[n]printf()... using vs[n]printf().

=== ztest2690.c ===
#include <stdio.h>
#include <stdarg.h>
int mytest(const char *fmt, ...)
{
  char buf[20];
  va_list ap;
  va_start(ap, fmt);
  vsnprintf(buf, sizeof(buf), fmt, ap);
  va_end(ap);
  return 0;
}
int main()
{
  return (mytest("Hello%d\n", 1));
}
===
/home/ukyo/emscripten/emcc -DNO_STRERROR -o ztest2690 ztest2690.c
Checking for vsnprintf() in stdio.h... Yes.

=== ztest2690.c ===
#include <stdio.h>
#include <stdarg.h>
int mytest(const char *fmt, ...)
{
  int n;
  char buf[20];
  va_list ap;
  va_start(ap, fmt);
  n = vsnprintf(buf, sizeof(buf), fmt, ap);
  va_end(ap);
  return n;
}
int main()
{
  return (mytest("Hello%d\n", 1));
}
===
/home/ukyo/emscripten/emcc -c -DNO_STRERROR ztest2690.c
Checking for return value of vsnprintf()... Yes.

=== ztest2690.c ===
#include <stdio.h>
#define is32(n,t) for(n=1,k=0;n;n<<=1,k++);if(k==32){puts(t);return 0;}
int main() {
    int k;
    unsigned i;
    unsigned long l;
    unsigned short s;
    is32(i, "unsigned")
    is32(l, "unsigned long")
    is32(s, "unsigned short")
    return 1;
}
===
/home/ukyo/emscripten/emcc -DNO_STRERROR ztest2690.c -o ztest2690
Looking for a four-byte integer type... Found.

ALL = static
AR = /home/ukyo/emscripten/emar
ARFLAGS = rc
CC = /home/ukyo/emscripten/emcc
CFLAGS = -DNO_STRERROR
CPP = /home/ukyo/emscripten/emcc -E
EXE =
LDCONFIG = ldconfig
LDFLAGS =
LDSHARED = /home/ukyo/emscripten/emcc
LDSHAREDLIBC = -lc
OBJC = $(OBJZ) $(OBJG)
PIC_OBJC = $(PIC_OBJZ) $(PIC_OBJG)
RANLIB = /home/ukyo/emscripten/emranlib
SFLAGS = -DNO_STRERROR
SHAREDLIB =
SHAREDLIBM =
SHAREDLIBV =
STATICLIB = libz.a
TEST = all teststatic
VER = 1.2.7
Z_U4 = unsigned
exec_prefix = ${prefix}
includedir = ${prefix}/include
libdir = ${exec_prefix}/lib
mandir = ${prefix}/share/man
prefix = /usr/local
sharedlibdir = ${libdir}
uname = Linux 3.2.0-38-generic-pae
--------------------


